This is pdfTeX, Version 3.14159265-2.6-1.40.19 (MiKTeX 2.9.6800) (preloaded format=pdflatex 2018.9.16)  21 OCT 2018 18:22
entering extended mode
**./lab1_report.tex
(lab1_report.tex
LaTeX2e <2018-04-01> patch level 5
(/home/npham01/.miktex/texmfs/install/tex/latex/paper/journal.cls
Document Class: journal 2008/05/30 1.0l LaTeX document class (wm).
(/home/npham01/.miktex/texmfs/install/tex/latex/paper/paper.cls
Document Class: paper 2008/05/30 1.0l LaTeX document class (wm).
\hours=\count80
\minutes=\count81
(/home/npham01/.miktex/texmfs/install/tex/latex/base/size10.clo
File: size10.clo 2014/09/29 v1.4h Standard LaTeX file (size option)
)
\beforetitlespace=\skip41
\c@part=\count82
\c@section=\count83
\c@subsection=\count84
\c@subsubsection=\count85
\c@paragraph=\count86
\c@subparagraph=\count87
\exampleindent=\skip42
\c@figure=\count88
\c@table=\count89
\abovecaptionskip=\skip43
\belowcaptionskip=\skip44
\bibindent=\dimen102
))
(/home/npham01/.miktex/texmfs/install/tex/latex/tools/multicol.sty
Package: multicol 2018/04/20 v1.8s multicolumn formatting (FMi)
\c@tracingmulticols=\count90
\mult@box=\box26
\multicol@leftmargin=\dimen103
\c@unbalance=\count91
\c@collectmore=\count92
\doublecol@number=\count93
\multicoltolerance=\count94
\multicolpretolerance=\count95
\full@width=\dimen104
\page@free=\dimen105
\premulticols=\dimen106
\postmulticols=\dimen107
\multicolsep=\skip45
\multicolbaselineskip=\skip46
\partial@page=\box27
\last@line=\box28
\maxbalancingoverflow=\dimen108
\mult@rightbox=\box29
\mult@grightbox=\box30
\mult@gfirstbox=\box31
\mult@firstbox=\box32
\@tempa=\box33
\@tempa=\box34
\@tempa=\box35
\@tempa=\box36
\@tempa=\box37
\@tempa=\box38
\@tempa=\box39
\@tempa=\box40
\@tempa=\box41
\@tempa=\box42
\@tempa=\box43
\@tempa=\box44
\@tempa=\box45
\@tempa=\box46
\@tempa=\box47
\@tempa=\box48
\@tempa=\box49
\c@columnbadness=\count96
\c@finalcolumnbadness=\count97
\last@try=\dimen109
\multicolovershoot=\dimen110
\multicolundershoot=\dimen111
\mult@nat@firstbox=\box50
\colbreak@box=\box51
\mc@col@check@num=\count98
)
(/home/npham01/.miktex/texmfs/install/tex/latex/amsmath/amsmath.sty
Package: amsmath 2017/09/02 v2.17a AMS math features
\@mathmargin=\skip47

For additional information on amsmath, use the `?' option.
(/home/npham01/.miktex/texmfs/install/tex/latex/amsmath/amstext.sty
Package: amstext 2000/06/29 v2.01 AMS text

(/home/npham01/.miktex/texmfs/install/tex/latex/amsmath/amsgen.sty
File: amsgen.sty 1999/11/30 v2.0 generic functions
\@emptytoks=\toks14
\ex@=\dimen112
))
(/home/npham01/.miktex/texmfs/install/tex/latex/amsmath/amsbsy.sty
Package: amsbsy 1999/11/29 v1.2d Bold Symbols
\pmbraise@=\dimen113
)
(/home/npham01/.miktex/texmfs/install/tex/latex/amsmath/amsopn.sty
Package: amsopn 2016/03/08 v2.02 operator names
)
\inf@bad=\count99
LaTeX Info: Redefining \frac on input line 213.
\uproot@=\count100
\leftroot@=\count101
LaTeX Info: Redefining \overline on input line 375.
\classnum@=\count102
\DOTSCASE@=\count103
LaTeX Info: Redefining \ldots on input line 472.
LaTeX Info: Redefining \dots on input line 475.
LaTeX Info: Redefining \cdots on input line 596.
\Mathstrutbox@=\box52
\strutbox@=\box53
\big@size=\dimen114
LaTeX Font Info:    Redeclaring font encoding OML on input line 712.
LaTeX Font Info:    Redeclaring font encoding OMS on input line 713.
\macc@depth=\count104
\c@MaxMatrixCols=\count105
\dotsspace@=\muskip10
\c@parentequation=\count106
\dspbrk@lvl=\count107
\tag@help=\toks15
\row@=\count108
\column@=\count109
\maxfields@=\count110
\andhelp@=\toks16
\eqnshift@=\dimen115
\alignsep@=\dimen116
\tagshift@=\dimen117
\tagwidth@=\dimen118
\totwidth@=\dimen119
\lineht@=\dimen120
\@envbody=\toks17
\multlinegap=\skip48
\multlinetaggap=\skip49
\mathdisplay@stack=\toks18
LaTeX Info: Redefining \[ on input line 2817.
LaTeX Info: Redefining \] on input line 2818.
)
(/home/npham01/.miktex/texmfs/install/tex/latex/graphics/graphicx.sty
Package: graphicx 2017/06/01 v1.1a Enhanced LaTeX Graphics (DPC,SPQR)

(/home/npham01/.miktex/texmfs/install/tex/latex/graphics/keyval.sty
Package: keyval 2014/10/28 v1.15 key=value parser (DPC)
\KV@toks@=\toks19
)
(/home/npham01/.miktex/texmfs/install/tex/latex/graphics/graphics.sty
Package: graphics 2017/06/25 v1.2c Standard LaTeX Graphics (DPC,SPQR)

(/home/npham01/.miktex/texmfs/install/tex/latex/graphics/trig.sty
Package: trig 2016/01/03 v1.10 sin cos tan (DPC)
)
(/home/npham01/.miktex/texmfs/install/tex/latex/graphics-cfg/graphics.cfg
File: graphics.cfg 2016/06/04 v1.11 sample graphics configuration
)
Package graphics Info: Driver file: pdftex.def on input line 99.

(/home/npham01/.miktex/texmfs/install/tex/latex/graphics-def/pdftex.def
File: pdftex.def 2018/01/08 v1.0l Graphics/color driver for pdftex
))
\Gin@req@height=\dimen121
\Gin@req@width=\dimen122
)
(/home/npham01/.miktex/texmfs/install/tex/latex/float/float.sty
Package: float 2001/11/08 v1.3d Float enhancements (AL)
\c@float@type=\count111
\float@exts=\toks20
\float@box=\box54
\@float@everytoks=\toks21
\@floatcapt=\box55
)
(/home/npham01/.miktex/texmfs/install/tex/latex/enumitem/enumitem.sty
Package: enumitem 2011/09/28 v3.5.2 Customized lists
\labelindent=\skip50
\enit@outerparindent=\dimen123
\enit@toks=\toks22
\enit@inbox=\box56
\enitdp@description=\count112
)
(lab1_report.aux)
\openout1 = `lab1_report.aux'.

LaTeX Font Info:    Checking defaults for OML/cmm/m/it on input line 12.
LaTeX Font Info:    ... okay on input line 12.
LaTeX Font Info:    Checking defaults for T1/cmr/m/n on input line 12.
LaTeX Font Info:    ... okay on input line 12.
LaTeX Font Info:    Checking defaults for OT1/cmr/m/n on input line 12.
LaTeX Font Info:    ... okay on input line 12.
LaTeX Font Info:    Checking defaults for OMS/cmsy/m/n on input line 12.
LaTeX Font Info:    ... okay on input line 12.
LaTeX Font Info:    Checking defaults for OMX/cmex/m/n on input line 12.
LaTeX Font Info:    ... okay on input line 12.
LaTeX Font Info:    Checking defaults for U/cmr/m/n on input line 12.
LaTeX Font Info:    ... okay on input line 12.

(/home/npham01/.miktex/texmfs/install/tex/context/base/supp-pdf.mkii
[Loading MPS to PDF converter (version 2006.09.02).]
\scratchcounter=\count113
\scratchdimen=\dimen124
\scratchbox=\box57
\nofMPsegments=\count114
\nofMParguments=\count115
\everyMPshowfont=\toks23
\MPscratchCnt=\count116
\MPscratchDim=\dimen125
\MPnumerator=\count117
\makeMPintoPDFobject=\count118
\everyMPtoPDFconversion=\toks24
) (/home/npham01/.miktex/texmfs/install/tex/latex/oberdiek/epstopdf-base.sty
Package: epstopdf-base 2016/05/15 v2.6 Base part for package epstopdf

(/home/npham01/.miktex/texmfs/install/tex/generic/oberdiek/infwarerr.sty
Package: infwarerr 2016/05/16 v1.4 Providing info/warning/error messages (HO)
)
(/home/npham01/.miktex/texmfs/install/tex/latex/oberdiek/grfext.sty
Package: grfext 2016/05/16 v1.2 Manage graphics extensions (HO)

(/home/npham01/.miktex/texmfs/install/tex/generic/oberdiek/kvdefinekeys.sty
Package: kvdefinekeys 2016/05/16 v1.4 Define keys (HO)

(/home/npham01/.miktex/texmfs/install/tex/generic/oberdiek/ltxcmds.sty
Package: ltxcmds 2016/05/16 v1.23 LaTeX kernel commands for general use (HO)
)))
(/home/npham01/.miktex/texmfs/install/tex/latex/oberdiek/kvoptions.sty
Package: kvoptions 2016/05/16 v3.12 Key value format for package options (HO)

(/home/npham01/.miktex/texmfs/install/tex/generic/oberdiek/kvsetkeys.sty
Package: kvsetkeys 2016/05/16 v1.17 Key value parser (HO)

(/home/npham01/.miktex/texmfs/install/tex/generic/oberdiek/etexcmds.sty
Package: etexcmds 2016/05/16 v1.6 Avoid name clashes with e-TeX commands (HO)

(/home/npham01/.miktex/texmfs/install/tex/generic/oberdiek/ifluatex.sty
Package: ifluatex 2016/05/16 v1.4 Provides the ifluatex switch (HO)
Package ifluatex Info: LuaTeX not detected.
)
Package etexcmds Info: Could not find \expanded.
(etexcmds)             That can mean that you are not using pdfTeX 1.50 or
(etexcmds)             that some package has redefined \expanded.
(etexcmds)             In the latter case, load this package earlier.
)))
(/home/npham01/.miktex/texmfs/install/tex/generic/oberdiek/pdftexcmds.sty
Package: pdftexcmds 2018/09/10 v0.29 Utility functions of pdfTeX for LuaTeX (HO
)

(/home/npham01/.miktex/texmfs/install/tex/generic/oberdiek/ifpdf.sty
Package: ifpdf 2018/09/07 v3.3 Provides the ifpdf switch
)
Package pdftexcmds Info: LuaTeX not detected.
Package pdftexcmds Info: \pdf@primitive is available.
Package pdftexcmds Info: \pdf@ifprimitive is available.
Package pdftexcmds Info: \pdfdraftmode found.
)
Package epstopdf-base Info: Redefining graphics rule for `.eps' on input line 4
38.
Package grfext Info: Graphics extension search list:
(grfext)             [.pdf,.png,.jpg,.mps,.jpeg,.jbig2,.jb2,.PDF,.PNG,.JPG,.JPE
G,.JBIG2,.JB2,.eps]
(grfext)             \AppendGraphicsExtensions on input line 456.
)
Article: 
<Lab1PID_100_20_0point3.jpg, id=1, 582.175pt x 395.4775pt>
File: Lab1PID_100_20_0point3.jpg Graphic file (type jpg)
<use Lab1PID_100_20_0point3.jpg>
Package pdftex.def Info: Lab1PID_100_20_0point3.jpg  used on input line 38.
(pdftex.def)             Requested size: 276.00105pt x 187.49168pt.
[1


{/home/npham01/.miktex/texmfs/data/pdftex/config/pdftex.map}]
Overfull \hbox (7.9065pt too wide) in paragraph at lines 43--44
[]\OT1/cmr/m/n/10 Increasing the derivative component $\OML/cmm/m/it/10 K[]$ \O
T1/cmr/m/n/10 to 10 quickly reduces the oscillations
 []

<Lab1PID_100_20_10.jpg, id=12, 572.1375pt x 395.4775pt>
File: Lab1PID_100_20_10.jpg Graphic file (type jpg)
<use Lab1PID_100_20_10.jpg>
Package pdftex.def Info: Lab1PID_100_20_10.jpg  used on input line 47.
(pdftex.def)             Requested size: 276.00105pt x 190.78049pt.

Overfull \hbox (0.94507pt too wide) in paragraph at lines 52--53
\OT1/cmr/m/n/10 For intance, removing the proportional control coefficient alto
gether results
 []

[2 <./Lab1PID_100_20_0point3.jpg> <./Lab1PID_100_20_10.jpg>]
<Lab1PID_0_20_0point3.jpg, id=19, 562.1pt x 395.4775pt>
File: Lab1PID_0_20_0point3.jpg Graphic file (type jpg)
<use Lab1PID_0_20_0point3.jpg>
Package pdftex.def Info: Lab1PID_0_20_0point3.jpg  used on input line 56.
(pdftex.def)             Requested size: 276.00105pt x 194.18394pt.

Overfull \hbox (13.52344pt too wide) in paragraph at lines 62--63
[]\OT1/cmr/m/n/10 To choose these parameters, first find a good $\OML/cmm/m/it/
10 k[]$ \OT1/cmr/m/n/10 value for minimal disturbance.
 []

<Lab1PID_0var01.jpg, id=20, 592.2125pt x 395.4775pt>
File: Lab1PID_0var01.jpg Graphic file (type jpg)
<use Lab1PID_0var01.jpg>
Package pdftex.def Info: Lab1PID_0var01.jpg  used on input line 72.
(pdftex.def)             Requested size: 276.00105pt x 184.31755pt.
[3 <./Lab1PID_0_20_0point3.jpg>]
<Lab1PID_0SR005.jpg, id=25, 592.2125pt x 395.4775pt>
File: Lab1PID_0SR005.jpg Graphic file (type jpg)
<use Lab1PID_0SR005.jpg>
Package pdftex.def Info: Lab1PID_0SR005.jpg  used on input line 82.
(pdftex.def)             Requested size: 276.00105pt x 184.31755pt.
<Lab1PID_0SR01.jpg, id=26, 592.2125pt x 395.4775pt>
File: Lab1PID_0SR01.jpg Graphic file (type jpg)
<use Lab1PID_0SR01.jpg>
Package pdftex.def Info: Lab1PID_0SR01.jpg  used on input line 89.
(pdftex.def)             Requested size: 276.00105pt x 184.31755pt.
 [4 <./Lab1PID_0var01.jpg> <./Lab1PID_0SR005.jpg>]
<Lab1PID_1Hz.jpg, id=30, 592.2125pt x 395.4775pt>
File: Lab1PID_1Hz.jpg Graphic file (type jpg)
<use Lab1PID_1Hz.jpg>
Package pdftex.def Info: Lab1PID_1Hz.jpg  used on input line 99.
(pdftex.def)             Requested size: 276.00105pt x 184.31755pt.
 [5 <./Lab1PID_0SR01.jpg>]
<Lab1PID_100Hz.jpg, id=35, 582.175pt x 395.4775pt>
File: Lab1PID_100Hz.jpg Graphic file (type jpg)
<use Lab1PID_100Hz.jpg>
Package pdftex.def Info: Lab1PID_100Hz.jpg  used on input line 106.
(pdftex.def)             Requested size: 276.00105pt x 187.49168pt.
 [6 <./Lab1PID_1Hz.jpg> <./Lab1PID_100Hz.jpg>]
<NickPhamgraphs/p2i0d0.jpg, id=39, 770.88pt x 578.16pt>
File: NickPhamgraphs/p2i0d0.jpg Graphic file (type jpg)
<use NickPhamgraphs/p2i0d0.jpg>
Package pdftex.def Info: NickPhamgraphs/p2i0d0.jpg  used on input line 119.
(pdftex.def)             Requested size: 276.00105pt x 206.9994pt.


LaTeX Warning: Reference `fig:Lab1_p3_5i0d0' on page 7 undefined on input line 
124.

<NickPhamgraphs/p3_5i0d0.jpg, id=40, 770.88pt x 578.16pt>
File: NickPhamgraphs/p3_5i0d0.jpg Graphic file (type jpg)
<use NickPhamgraphs/p3_5i0d0.jpg>
Package pdftex.def Info: NickPhamgraphs/p3_5i0d0.jpg  used on input line 128.
(pdftex.def)             Requested size: 276.00105pt x 206.9994pt.
[7 <./NickPhamgraphs/p2i0d0.jpg>]

LaTeX Warning: Reference `fig:Lab1_p2i1d0' on page 8 undefined on input line 13
3.


Overfull \hbox (6.63026pt too wide) in paragraph at lines 133--134
\OT1/cmr/m/n/10 controller. This might be because the integral part is outweigh
ing the proportional
 []

<NickPhamgraphs/p2i1d0.jpg, id=46, 770.88pt x 578.16pt>
File: NickPhamgraphs/p2i1d0.jpg Graphic file (type jpg)
<use NickPhamgraphs/p2i1d0.jpg>
Package pdftex.def Info: NickPhamgraphs/p2i1d0.jpg  used on input line 137.
(pdftex.def)             Requested size: 276.00105pt x 206.9994pt.

LaTeX Warning: Reference `fig:Lab1_p4i0_05d0' on page 8 undefined on input line
 142.

[8 <./NickPhamgraphs/p3_5i0d0.jpg> <./NickPhamgraphs/p2i1d0.jpg>]
<NickPhamgraphs/p4i0_05d0.jpg, id=50, 770.88pt x 578.16pt>
File: NickPhamgraphs/p4i0_05d0.jpg Graphic file (type jpg)
<use NickPhamgraphs/p4i0_05d0.jpg>
Package pdftex.def Info: NickPhamgraphs/p4i0_05d0.jpg  used on input line 146.
(pdftex.def)             Requested size: 276.00105pt x 206.9994pt.


LaTeX Warning: Reference `fig:Lab1_p2_5i0_05d0_1' on page 9 undefined on input 
line 151.


Overfull \hbox (3.445pt too wide) in paragraph at lines 151--152
[]\OT1/cmr/m/n/10 Finally, a derivative control was also included to encourage 
faster convergence,
 []

<NickPhamgraphs/p2_5i0_05d0_1.jpg, id=51, 770.88pt x 578.16pt>
File: NickPhamgraphs/p2_5i0_05d0_1.jpg Graphic file (type jpg)
<use NickPhamgraphs/p2_5i0_05d0_1.jpg>
Package pdftex.def Info: NickPhamgraphs/p2_5i0_05d0_1.jpg  used on input line 1
55.
(pdftex.def)             Requested size: 276.00105pt x 206.9994pt.
[9 <./NickPhamgraphs/p4i0_05d0.jpg>] [10 <./NickPhamgraphs/p2_5i0_05d0_1.jpg>]
(lab1_report.aux)

LaTeX Warning: There were undefined references.


LaTeX Warning: Label(s) may have changed. Rerun to get cross-references right.

 ) 
Here is how much of TeX's memory you used:
 2736 strings out of 494891
 38903 string characters out of 3178553
 103471 words of memory out of 3000000
 6325 multiletter control sequences out of 15000+200000
 8913 words of font info for 32 fonts, out of 3000000 for 9000
 0 hyphenation exceptions out of 8191
 41i,9n,25p,621b,343s stack positions out of 5000i,500n,10000p,200000b,50000s
</home/npham01/.miktex/texmfs/install/fonts/type1/public/amsfonts/cm/cmbx10.p
fb></home/npham01/.miktex/texmfs/install/fonts/type1/public/amsfonts/cm/cmmi10.
pfb></home/npham01/.miktex/texmfs/install/fonts/type1/public/amsfonts/cm/cmmi7.
pfb></home/npham01/.miktex/texmfs/install/fonts/type1/public/amsfonts/cm/cmr10.
pfb></home/npham01/.miktex/texmfs/install/fonts/type1/public/amsfonts/cm/cmr7.p
fb></home/npham01/.miktex/texmfs/install/fonts/type1/public/amsfonts/cm/cmr9.pf
b></home/npham01/.miktex/texmfs/install/fonts/type1/public/amsfonts/cm/cmss10.p
fb></home/npham01/.miktex/texmfs/install/fonts/type1/public/amsfonts/cm/cmss9.p
fb></home/npham01/.miktex/texmfs/install/fonts/type1/public/amsfonts/cm/cmssbx1
0.pfb></home/npham01/.miktex/texmfs/install/fonts/type1/public/amsfonts/cm/cmss
i12.pfb></home/npham01/.miktex/texmfs/install/fonts/type1/public/amsfonts/cm/cm
sy10.pfb></home/npham01/.miktex/texmfs/install/fonts/type1/public/amsfonts/cm/c
msy7.pfb>
Output written on lab1_report.pdf (10 pages, 516748 bytes).
PDF statistics:
 96 PDF objects out of 1000 (max. 8388607)
 0 named destinations out of 1000 (max. 500000)
 66 words of extra memory for PDF output out of 10000 (max. 10000000)

